<?xml version="1.0" encoding="UTF-8"?>
<!-- Generated by org.testng.reporters.JUnitReportReporter -->
<testsuite hostname="LAPTOP-F86H87F6" failures="0" tests="3" name="TestRunner.Run" time="290.446" errors="0" timestamp="2023-01-31T12:47:58 IST" skipped="0">
  <testcase classname="TestRunner.Run" name="runScenario" time="44.146"/>
  <system-out/>
  <testcase classname="TestRunner.Run" name="runScenario" time="219.897"/>
  <system-out/>
  <testcase classname="TestRunner.Run" name="runScenario" time="26.403"/>
  <system-out/>
</testsuite> <!-- TestRunner.Run -->
