<?xml version="1.0" encoding="UTF-8"?>
<!-- Generated by org.testng.reporters.JUnitReportReporter -->
<testsuite hostname="LAPTOP-F86H87F6" failures="0" tests="3" name="TestRunner.Run" time="287.265" errors="0" timestamp="2023-01-30T12:23:39 IST" skipped="0">
  <testcase classname="TestRunner.Run" name="runScenario" time="220.228"/>
  <system-out/>
  <testcase classname="TestRunner.Run" name="runScenario" time="44.075"/>
  <system-out/>
  <testcase classname="TestRunner.Run" name="runScenario" time="22.962"/>
  <system-out/>
</testsuite> <!-- TestRunner.Run -->
