<?xml version="1.0" encoding="UTF-8"?>
<!-- Generated by org.testng.reporters.JUnitReportReporter -->
<testsuite hostname="LAPTOP-F86H87F6" failures="0" tests="3" name="TestRunner.Run" time="303.264" errors="0" timestamp="2023-01-31T13:06:02 IST" skipped="0">
  <testcase classname="TestRunner.Run" name="runScenario" time="38.697"/>
  <system-out/>
  <testcase classname="TestRunner.Run" name="runScenario" time="43.586"/>
  <system-out/>
  <testcase classname="TestRunner.Run" name="runScenario" time="220.981"/>
  <system-out/>
</testsuite> <!-- TestRunner.Run -->
